<?xml version="1.0" encoding="UTF-8"?>
<!-- Generated by org.testng.reporters.JUnitReportReporter -->
<testsuite hostname="TYSS-Sonika" failures="0" tests="1" name="demo.WiproTest" time="8.533" errors="0" timestamp="2023-12-07T22:37:32 IST" skipped="0">
  <testcase classname="demo.WiproTest" name="launch" time="8.533"/>
  <system-out>
    <![CDATA[executed]]>
  </system-out>
</testsuite> <!-- demo.WiproTest -->
