<?xml version="1.0" encoding="UTF-8"?>
<!-- Generated by org.testng.reporters.JUnitReportReporter -->
<testsuite hostname="TYSS-Sonika" failures="0" tests="1" name="demo.Flipcart" time="6.141" errors="0" timestamp="2023-12-07T22:37:33 IST" skipped="0">
  <testcase classname="demo.Flipcart" name="launch" time="6.141"/>
  <system-out>
    <![CDATA[executed]]>
  </system-out>
</testsuite> <!-- demo.Flipcart -->
