<?xml version="1.0" encoding="UTF-8"?>
<!-- Generated by org.testng.reporters.JUnitReportReporter -->
<testsuite hostname="TYSS-Sonika" failures="0" tests="1" name="demo.AppleTest" time="8.160" errors="0" timestamp="2023-12-07T22:37:32 IST" skipped="0">
  <testcase classname="demo.AppleTest" name="launch" time="8.160"/>
  <system-out>
    <![CDATA[executed]]>
  </system-out>
</testsuite> <!-- demo.AppleTest -->
