<?xml version="1.0" encoding="UTF-8"?>
<!-- Generated by org.testng.reporters.JUnitReportReporter -->
<testsuite hostname="TYSS-Sonika" failures="0" tests="1" name="com.inetbanking.testcases.Testcase001" time="5.603" errors="0" timestamp="2024-07-24T11:16:37 IST" skipped="0">
  <testcase classname="com.inetbanking.testcases.Testcase001" name="Logging" time="5.603"/>
</testsuite> <!-- com.inetbanking.testcases.Testcase001 -->
